Analysis & Synthesis report for dice_simulator
Fri Jan 18 17:21:24 2019
Quartus II Version 9.0 Build 235 06/17/2009 Service Pack 2 SJ Web Edition


---------------------
; Table of Contents ;
---------------------
  1. Legal Notice
  2. Analysis & Synthesis Summary
  3. Analysis & Synthesis Settings
  4. Analysis & Synthesis Source Files Read
  5. Analysis & Synthesis Resource Usage Summary
  6. Analysis & Synthesis Resource Utilization by Entity
  7. Registers Removed During Synthesis
  8. General Register Statistics
  9. Inverted Register Statistics
 10. Source assignments for lpm_mult:Mult0|multcore:mult_core|mpar_add:padder|lpm_add_sub:adder[0]|addcore:adder
 11. Source assignments for lpm_add_sub:Add0|addcore:adder
 12. Source assignments for debounce:deb|lpm_add_sub:Add0|addcore:adder
 13. Parameter Settings for User Entity Instance: debounce:deb
 14. Parameter Settings for Inferred Entity Instance: lpm_mult:Mult0
 15. Parameter Settings for Inferred Entity Instance: lpm_add_sub:Add0
 16. Parameter Settings for Inferred Entity Instance: debounce:deb|lpm_add_sub:Add0
 17. lpm_mult Parameter Settings by Entity Instance
 18. Analysis & Synthesis Messages
 19. Analysis & Synthesis Suppressed Messages



----------------
; Legal Notice ;
----------------
Copyright (C) 1991-2009 Altera Corporation
Your use of Altera Corporation's design tools, logic functions 
and other software and tools, and its AMPP partner logic 
functions, and any output files from any of the foregoing 
(including device programming or simulation files), and any 
associated documentation or information are expressly subject 
to the terms and conditions of the Altera Program License 
Subscription Agreement, Altera MegaCore Function License 
Agreement, or other applicable license agreement, including, 
without limitation, that your use is for the sole purpose of 
programming logic devices manufactured by Altera and sold by 
Altera or its authorized distributors.  Please refer to the 
applicable agreement for further details.



+----------------------------------------------------------------------------+
; Analysis & Synthesis Summary                                               ;
+-----------------------------+----------------------------------------------+
; Analysis & Synthesis Status ; Successful - Fri Jan 18 17:21:24 2019        ;
; Quartus II Version          ; 9.0 Build 235 06/17/2009 SP 2 SJ Web Edition ;
; Revision Name               ; dice_simulator                               ;
; Top-level Entity Name       ; dice_simulator                               ;
; Family                      ; FLEX10K                                      ;
; Total logic elements        ; 67                                           ;
; Total pins                  ; 9                                            ;
; Total memory bits           ; 0                                            ;
+-----------------------------+----------------------------------------------+


+-------------------------------------------------------------------------------------------------+
; Analysis & Synthesis Settings                                                                   ;
+--------------------------------------------------------------+-----------------+----------------+
; Option                                                       ; Setting         ; Default Value  ;
+--------------------------------------------------------------+-----------------+----------------+
; Device                                                       ; EPF10K70RC240-4 ;                ;
; Top-level entity name                                        ; dice_simulator  ; dice_simulator ;
; Family name                                                  ; FLEX10K         ; Stratix II     ;
; Use Generated Physical Constraints File                      ; Off             ;                ;
; Use smart compilation                                        ; Off             ; Off            ;
; Create Debugging Nodes for IP Cores                          ; Off             ; Off            ;
; Preserve fewer node names                                    ; On              ; On             ;
; Disable OpenCore Plus hardware evaluation                    ; Off             ; Off            ;
; Verilog Version                                              ; Verilog_2001    ; Verilog_2001   ;
; VHDL Version                                                 ; VHDL93          ; VHDL93         ;
; State Machine Processing                                     ; Auto            ; Auto           ;
; Safe State Machine                                           ; Off             ; Off            ;
; Extract Verilog State Machines                               ; On              ; On             ;
; Extract VHDL State Machines                                  ; On              ; On             ;
; Ignore Verilog initial constructs                            ; Off             ; Off            ;
; Iteration limit for constant Verilog loops                   ; 5000            ; 5000           ;
; Iteration limit for non-constant Verilog loops               ; 250             ; 250            ;
; Add Pass-Through Logic to Inferred RAMs                      ; On              ; On             ;
; Parallel Synthesis                                           ; Off             ; Off            ;
; NOT Gate Push-Back                                           ; On              ; On             ;
; Power-Up Don't Care                                          ; On              ; On             ;
; Remove Redundant Logic Cells                                 ; Off             ; Off            ;
; Remove Duplicate Registers                                   ; On              ; On             ;
; Ignore CARRY Buffers                                         ; Off             ; Off            ;
; Ignore CASCADE Buffers                                       ; Off             ; Off            ;
; Ignore GLOBAL Buffers                                        ; Off             ; Off            ;
; Ignore ROW GLOBAL Buffers                                    ; Off             ; Off            ;
; Ignore LCELL Buffers                                         ; Off             ; Off            ;
; Ignore SOFT Buffers                                          ; On              ; On             ;
; Limit AHDL Integers to 32 Bits                               ; Off             ; Off            ;
; Auto Implement in ROM                                        ; Off             ; Off            ;
; Optimization Technique                                       ; Area            ; Area           ;
; Carry Chain Length                                           ; 32              ; 32             ;
; Cascade Chain Length                                         ; 2               ; 2              ;
; Auto Carry Chains                                            ; On              ; On             ;
; Auto Open-Drain Pins                                         ; On              ; On             ;
; Auto ROM Replacement                                         ; On              ; On             ;
; Auto RAM Replacement                                         ; On              ; On             ;
; Auto Clock Enable Replacement                                ; On              ; On             ;
; Strict RAM Replacement                                       ; Off             ; Off            ;
; Auto Resource Sharing                                        ; Off             ; Off            ;
; Allow Any RAM Size For Recognition                           ; Off             ; Off            ;
; Allow Any ROM Size For Recognition                           ; Off             ; Off            ;
; Use LogicLock Constraints during Resource Balancing          ; On              ; On             ;
; Ignore translate_off and synthesis_off directives            ; Off             ; Off            ;
; Show Parameter Settings Tables in Synthesis Report           ; On              ; On             ;
; HDL message level                                            ; Level2          ; Level2         ;
; Suppress Register Optimization Related Messages              ; Off             ; Off            ;
; Number of Removed Registers Reported in Synthesis Report     ; 100             ; 100            ;
; Number of Inverted Registers Reported in Synthesis Report    ; 100             ; 100            ;
; Block Design Naming                                          ; Auto            ; Auto           ;
; Synthesis Effort                                             ; Auto            ; Auto           ;
; Shift Register Replacement - Allow Asynchronous Clear Signal ; On              ; On             ;
; Analysis & Synthesis Message Level                           ; Medium          ; Medium         ;
+--------------------------------------------------------------+-----------------+----------------+


+------------------------------------------------------------------------------------------------------------------------------------------------+
; Analysis & Synthesis Source Files Read                                                                                                         ;
+----------------------------------+-----------------+-----------------+-------------------------------------------------------------------------+
; File Name with User-Entered Path ; Used in Netlist ; File Type       ; File Name with Absolute Path                                            ;
+----------------------------------+-----------------+-----------------+-------------------------------------------------------------------------+
; dice_simulator.vhd               ; yes             ; User VHDL File  ; C:/Users/Student/Downloads/dice_simulator-master/dice_simulator.vhd     ;
; debouncing.vhd                   ; yes             ; User VHDL File  ; C:/Users/Student/Downloads/dice_simulator-master/debouncing.vhd         ;
; lpm_mult.tdf                     ; yes             ; Megafunction    ; c:/altera/90sp2/quartus/libraries/megafunctions/lpm_mult.tdf            ;
; aglobal90.inc                    ; yes             ; Megafunction    ; c:/altera/90sp2/quartus/libraries/megafunctions/aglobal90.inc           ;
; lpm_add_sub.inc                  ; yes             ; Megafunction    ; c:/altera/90sp2/quartus/libraries/megafunctions/lpm_add_sub.inc         ;
; multcore.inc                     ; yes             ; Megafunction    ; c:/altera/90sp2/quartus/libraries/megafunctions/multcore.inc            ;
; bypassff.inc                     ; yes             ; Megafunction    ; c:/altera/90sp2/quartus/libraries/megafunctions/bypassff.inc            ;
; altshift.inc                     ; yes             ; Megafunction    ; c:/altera/90sp2/quartus/libraries/megafunctions/altshift.inc            ;
; multcore.tdf                     ; yes             ; Megafunction    ; c:/altera/90sp2/quartus/libraries/megafunctions/multcore.tdf            ;
; csa_add.inc                      ; yes             ; Megafunction    ; c:/altera/90sp2/quartus/libraries/megafunctions/csa_add.inc             ;
; mpar_add.inc                     ; yes             ; Megafunction    ; c:/altera/90sp2/quartus/libraries/megafunctions/mpar_add.inc            ;
; muleabz.inc                      ; yes             ; Megafunction    ; c:/altera/90sp2/quartus/libraries/megafunctions/muleabz.inc             ;
; mul_lfrg.inc                     ; yes             ; Megafunction    ; c:/altera/90sp2/quartus/libraries/megafunctions/mul_lfrg.inc            ;
; mul_boothc.inc                   ; yes             ; Megafunction    ; c:/altera/90sp2/quartus/libraries/megafunctions/mul_boothc.inc          ;
; alt_ded_mult.inc                 ; yes             ; Megafunction    ; c:/altera/90sp2/quartus/libraries/megafunctions/alt_ded_mult.inc        ;
; alt_ded_mult_y.inc               ; yes             ; Megafunction    ; c:/altera/90sp2/quartus/libraries/megafunctions/alt_ded_mult_y.inc      ;
; dffpipe.inc                      ; yes             ; Megafunction    ; c:/altera/90sp2/quartus/libraries/megafunctions/dffpipe.inc             ;
; mul_lfrg.tdf                     ; yes             ; Megafunction    ; c:/altera/90sp2/quartus/libraries/megafunctions/mul_lfrg.tdf            ;
; mpar_add.tdf                     ; yes             ; Megafunction    ; c:/altera/90sp2/quartus/libraries/megafunctions/mpar_add.tdf            ;
; lpm_add_sub.tdf                  ; yes             ; Megafunction    ; c:/altera/90sp2/quartus/libraries/megafunctions/lpm_add_sub.tdf         ;
; addcore.inc                      ; yes             ; Megafunction    ; c:/altera/90sp2/quartus/libraries/megafunctions/addcore.inc             ;
; look_add.inc                     ; yes             ; Megafunction    ; c:/altera/90sp2/quartus/libraries/megafunctions/look_add.inc            ;
; alt_stratix_add_sub.inc          ; yes             ; Megafunction    ; c:/altera/90sp2/quartus/libraries/megafunctions/alt_stratix_add_sub.inc ;
; alt_mercury_add_sub.inc          ; yes             ; Megafunction    ; c:/altera/90sp2/quartus/libraries/megafunctions/alt_mercury_add_sub.inc ;
; addcore.tdf                      ; yes             ; Megafunction    ; c:/altera/90sp2/quartus/libraries/megafunctions/addcore.tdf             ;
; a_csnbuffer.inc                  ; yes             ; Megafunction    ; c:/altera/90sp2/quartus/libraries/megafunctions/a_csnbuffer.inc         ;
; a_csnbuffer.tdf                  ; yes             ; Megafunction    ; c:/altera/90sp2/quartus/libraries/megafunctions/a_csnbuffer.tdf         ;
; altshift.tdf                     ; yes             ; Megafunction    ; c:/altera/90sp2/quartus/libraries/megafunctions/altshift.tdf            ;
+----------------------------------+-----------------+-----------------+-------------------------------------------------------------------------+


+---------------------------------------------+
; Analysis & Synthesis Resource Usage Summary ;
+-----------------------------------+---------+
; Resource                          ; Usage   ;
+-----------------------------------+---------+
; Total logic elements              ; 67      ;
; Total combinational functions     ; 62      ;
;     -- Total 4-input functions    ; 20      ;
;     -- Total 3-input functions    ; 14      ;
;     -- Total 2-input functions    ; 4       ;
;     -- Total 1-input functions    ; 24      ;
;     -- Total 0-input functions    ; 0       ;
; Total registers                   ; 29      ;
; Total logic cells in carry chains ; 26      ;
; I/O pins                          ; 9       ;
; Maximum fan-out node              ; CLK     ;
; Maximum fan-out                   ; 26      ;
; Total fan-out                     ; 220     ;
; Average fan-out                   ; 2.89    ;
+-----------------------------------+---------+


+----------------------------------------------------------------------------------------------------------------------------------------------------------------------------------------------------------------------------------------------------------------------------------------------------------------------------------+
; Analysis & Synthesis Resource Utilization by Entity                                                                                                                                                                                                                                                                              ;
+---------------------------------------------+-------------+--------------+-------------+------+--------------+-------------------+------------------+-----------------+------------+------------------------------------------------------------------------------------------------------------------------------+--------------+
; Compilation Hierarchy Node                  ; Logic Cells ; LC Registers ; Memory Bits ; Pins ; LUT-Only LCs ; Register-Only LCs ; LUT/Register LCs ; Carry Chain LCs ; Packed LCs ; Full Hierarchy Name                                                                                                          ; Library Name ;
+---------------------------------------------+-------------+--------------+-------------+------+--------------+-------------------+------------------+-----------------+------------+------------------------------------------------------------------------------------------------------------------------------+--------------+
; |dice_simulator                             ; 67 (12)     ; 29           ; 0           ; 9    ; 38 (6)       ; 5 (2)             ; 24 (4)           ; 26 (1)          ; 0 (0)      ; |dice_simulator                                                                                                              ; work         ;
;    |debounce:deb|                           ; 44 (25)     ; 23           ; 0           ; 0    ; 21 (2)       ; 3 (3)             ; 20 (20)          ; 20 (1)          ; 0 (0)      ; |dice_simulator|debounce:deb                                                                                                 ; work         ;
;       |lpm_add_sub:Add0|                    ; 19 (0)      ; 0            ; 0           ; 0    ; 19 (0)       ; 0 (0)             ; 0 (0)            ; 19 (0)          ; 0 (0)      ; |dice_simulator|debounce:deb|lpm_add_sub:Add0                                                                                ; work         ;
;          |addcore:adder|                    ; 19 (1)      ; 0            ; 0           ; 0    ; 19 (1)       ; 0 (0)             ; 0 (0)            ; 19 (1)          ; 0 (0)      ; |dice_simulator|debounce:deb|lpm_add_sub:Add0|addcore:adder                                                                  ; work         ;
;             |a_csnbuffer:result_node|       ; 18 (18)     ; 0            ; 0           ; 0    ; 18 (18)      ; 0 (0)             ; 0 (0)            ; 18 (18)         ; 0 (0)      ; |dice_simulator|debounce:deb|lpm_add_sub:Add0|addcore:adder|a_csnbuffer:result_node                                          ; work         ;
;    |lpm_add_sub:Add0|                       ; 2 (0)       ; 0            ; 0           ; 0    ; 2 (0)        ; 0 (0)             ; 0 (0)            ; 2 (0)           ; 0 (0)      ; |dice_simulator|lpm_add_sub:Add0                                                                                             ; work         ;
;       |addcore:adder|                       ; 2 (1)       ; 0            ; 0           ; 0    ; 2 (1)        ; 0 (0)             ; 0 (0)            ; 2 (1)           ; 0 (0)      ; |dice_simulator|lpm_add_sub:Add0|addcore:adder                                                                               ; work         ;
;          |a_csnbuffer:result_node|          ; 1 (1)       ; 0            ; 0           ; 0    ; 1 (1)        ; 0 (0)             ; 0 (0)            ; 1 (1)           ; 0 (0)      ; |dice_simulator|lpm_add_sub:Add0|addcore:adder|a_csnbuffer:result_node                                                       ; work         ;
;    |lpm_mult:Mult0|                         ; 9 (0)       ; 0            ; 0           ; 0    ; 9 (0)        ; 0 (0)             ; 0 (0)            ; 3 (0)           ; 0 (0)      ; |dice_simulator|lpm_mult:Mult0                                                                                               ; work         ;
;       |multcore:mult_core|                  ; 9 (1)       ; 0            ; 0           ; 0    ; 9 (1)        ; 0 (0)             ; 0 (0)            ; 3 (0)           ; 0 (0)      ; |dice_simulator|lpm_mult:Mult0|multcore:mult_core                                                                            ; work         ;
;          |mpar_add:padder|                  ; 3 (0)       ; 0            ; 0           ; 0    ; 3 (0)        ; 0 (0)             ; 0 (0)            ; 3 (0)           ; 0 (0)      ; |dice_simulator|lpm_mult:Mult0|multcore:mult_core|mpar_add:padder                                                            ; work         ;
;             |lpm_add_sub:adder[0]|          ; 3 (0)       ; 0            ; 0           ; 0    ; 3 (0)        ; 0 (0)             ; 0 (0)            ; 3 (0)           ; 0 (0)      ; |dice_simulator|lpm_mult:Mult0|multcore:mult_core|mpar_add:padder|lpm_add_sub:adder[0]                                       ; work         ;
;                |addcore:adder|              ; 3 (1)       ; 0            ; 0           ; 0    ; 3 (1)        ; 0 (0)             ; 0 (0)            ; 3 (1)           ; 0 (0)      ; |dice_simulator|lpm_mult:Mult0|multcore:mult_core|mpar_add:padder|lpm_add_sub:adder[0]|addcore:adder                         ; work         ;
;                   |a_csnbuffer:result_node| ; 2 (2)       ; 0            ; 0           ; 0    ; 2 (2)        ; 0 (0)             ; 0 (0)            ; 2 (2)           ; 0 (0)      ; |dice_simulator|lpm_mult:Mult0|multcore:mult_core|mpar_add:padder|lpm_add_sub:adder[0]|addcore:adder|a_csnbuffer:result_node ; work         ;
;          |mul_lfrg:$00031|                  ; 1 (1)       ; 0            ; 0           ; 0    ; 1 (1)        ; 0 (0)             ; 0 (0)            ; 0 (0)           ; 0 (0)      ; |dice_simulator|lpm_mult:Mult0|multcore:mult_core|mul_lfrg:$00031                                                            ; work         ;
;          |mul_lfrg:$00035|                  ; 1 (1)       ; 0            ; 0           ; 0    ; 1 (1)        ; 0 (0)             ; 0 (0)            ; 0 (0)           ; 0 (0)      ; |dice_simulator|lpm_mult:Mult0|multcore:mult_core|mul_lfrg:$00035                                                            ; work         ;
;          |mul_lfrg:mul_lfrg_first_mod|      ; 3 (3)       ; 0            ; 0           ; 0    ; 3 (3)        ; 0 (0)             ; 0 (0)            ; 0 (0)           ; 0 (0)      ; |dice_simulator|lpm_mult:Mult0|multcore:mult_core|mul_lfrg:mul_lfrg_first_mod                                                ; work         ;
+---------------------------------------------+-------------+--------------+-------------+------+--------------+-------------------+------------------+-----------------+------------+------------------------------------------------------------------------------------------------------------------------------+--------------+
Note: For table entries with two numbers listed, the numbers in parentheses indicate the number of resources of the given type used by the specific entity alone. The numbers listed outside of parentheses indicate the total resources of the given type used by the specific entity and all of its sub-entities in the hierarchy.


+-------------------------------------------------------------+
; Registers Removed During Synthesis                          ;
+----------------------------------------+--------------------+
; Register name                          ; Reason for Removal ;
+----------------------------------------+--------------------+
; prev_val[3..31]                        ; Lost fanout        ;
; Total Number of Removed Registers = 29 ;                    ;
+----------------------------------------+--------------------+


+------------------------------------------------------+
; General Register Statistics                          ;
+----------------------------------------------+-------+
; Statistic                                    ; Value ;
+----------------------------------------------+-------+
; Total registers                              ; 29    ;
; Number of registers using Synchronous Clear  ; 1     ;
; Number of registers using Synchronous Load   ; 0     ;
; Number of registers using Asynchronous Clear ; 0     ;
; Number of registers using Asynchronous Load  ; 0     ;
; Number of registers using Clock Enable       ; 1     ;
; Number of registers using Preset             ; 0     ;
+----------------------------------------------+-------+


+--------------------------------------------------+
; Inverted Register Statistics                     ;
+----------------------------------------+---------+
; Inverted Register                      ; Fan out ;
+----------------------------------------+---------+
; prev_val[1]                            ; 13      ;
; prev_val[2]                            ; 8       ;
; Total number of inverted registers = 2 ;         ;
+----------------------------------------+---------+


+-------------------------------------------------------------------------------------------------------------+
; Source assignments for lpm_mult:Mult0|multcore:mult_core|mpar_add:padder|lpm_add_sub:adder[0]|addcore:adder ;
+---------------------------+-------+------+------------------------------------------------------------------+
; Assignment                ; Value ; From ; To                                                               ;
+---------------------------+-------+------+------------------------------------------------------------------+
; SUPPRESS_DA_RULE_INTERNAL ; A103  ; -    ; -                                                                ;
+---------------------------+-------+------+------------------------------------------------------------------+


+-------------------------------------------------------+
; Source assignments for lpm_add_sub:Add0|addcore:adder ;
+---------------------------+-------+------+------------+
; Assignment                ; Value ; From ; To         ;
+---------------------------+-------+------+------------+
; SUPPRESS_DA_RULE_INTERNAL ; A103  ; -    ; -          ;
+---------------------------+-------+------+------------+


+--------------------------------------------------------------------+
; Source assignments for debounce:deb|lpm_add_sub:Add0|addcore:adder ;
+---------------------------+-------+------+-------------------------+
; Assignment                ; Value ; From ; To                      ;
+---------------------------+-------+------+-------------------------+
; SUPPRESS_DA_RULE_INTERNAL ; A103  ; -    ; -                       ;
+---------------------------+-------+------+-------------------------+


+-----------------------------------------------------------+
; Parameter Settings for User Entity Instance: debounce:deb ;
+----------------+-------+----------------------------------+
; Parameter Name ; Value ; Type                             ;
+----------------+-------+----------------------------------+
; counter_size   ; 19    ; Signed Integer                   ;
+----------------+-------+----------------------------------+
Note: In order to hide this table in the UI and the text report file, please set the "Show Parameter Settings Tables in Synthesis Report" option in "Analysis and Synthesis Settings -> More Settings" to "Off".


+--------------------------------------------------------------------------------+
; Parameter Settings for Inferred Entity Instance: lpm_mult:Mult0                ;
+------------------------------------------------+---------+---------------------+
; Parameter Name                                 ; Value   ; Type                ;
+------------------------------------------------+---------+---------------------+
; AUTO_CARRY_CHAINS                              ; ON      ; AUTO_CARRY          ;
; IGNORE_CARRY_BUFFERS                           ; OFF     ; IGNORE_CARRY        ;
; AUTO_CASCADE_CHAINS                            ; ON      ; AUTO_CASCADE        ;
; IGNORE_CASCADE_BUFFERS                         ; OFF     ; IGNORE_CASCADE      ;
; LPM_WIDTHA                                     ; 3       ; Untyped             ;
; LPM_WIDTHB                                     ; 3       ; Untyped             ;
; LPM_WIDTHP                                     ; 6       ; Untyped             ;
; LPM_WIDTHR                                     ; 6       ; Untyped             ;
; LPM_WIDTHS                                     ; 1       ; Untyped             ;
; LPM_REPRESENTATION                             ; SIGNED  ; Untyped             ;
; LPM_PIPELINE                                   ; 0       ; Untyped             ;
; LATENCY                                        ; 0       ; Untyped             ;
; INPUT_A_IS_CONSTANT                            ; NO      ; Untyped             ;
; INPUT_B_IS_CONSTANT                            ; NO      ; Untyped             ;
; USE_EAB                                        ; OFF     ; Untyped             ;
; MAXIMIZE_SPEED                                 ; 5       ; Untyped             ;
; DEVICE_FAMILY                                  ; FLEX10K ; Untyped             ;
; CARRY_CHAIN                                    ; MANUAL  ; Untyped             ;
; APEX20K_TECHNOLOGY_MAPPER                      ; LUT     ; TECH_MAPPER_APEX20K ;
; DEDICATED_MULTIPLIER_CIRCUITRY                 ; AUTO    ; Untyped             ;
; DEDICATED_MULTIPLIER_MIN_INPUT_WIDTH_FOR_AUTO  ; 0       ; Untyped             ;
; DEDICATED_MULTIPLIER_MIN_OUTPUT_WIDTH_FOR_AUTO ; 0       ; Untyped             ;
; CBXI_PARAMETER                                 ; NOTHING ; Untyped             ;
; INPUT_A_FIXED_VALUE                            ; Bx      ; Untyped             ;
; INPUT_B_FIXED_VALUE                            ; Bx      ; Untyped             ;
; USE_AHDL_IMPLEMENTATION                        ; OFF     ; Untyped             ;
+------------------------------------------------+---------+---------------------+
Note: In order to hide this table in the UI and the text report file, please set the "Show Parameter Settings Tables in Synthesis Report" option in "Analysis and Synthesis Settings -> More Settings" to "Off".


+-------------------------------------------------------------------+
; Parameter Settings for Inferred Entity Instance: lpm_add_sub:Add0 ;
+------------------------+-------------+----------------------------+
; Parameter Name         ; Value       ; Type                       ;
+------------------------+-------------+----------------------------+
; LPM_WIDTH              ; 32          ; Untyped                    ;
; LPM_REPRESENTATION     ; UNSIGNED    ; Untyped                    ;
; LPM_DIRECTION          ; ADD         ; Untyped                    ;
; ONE_INPUT_IS_CONSTANT  ; YES         ; Untyped                    ;
; LPM_PIPELINE           ; 0           ; Untyped                    ;
; MAXIMIZE_SPEED         ; 5           ; Untyped                    ;
; REGISTERED_AT_END      ; 0           ; Untyped                    ;
; OPTIMIZE_FOR_SPEED     ; 1           ; Untyped                    ;
; USE_CS_BUFFERS         ; 1           ; Untyped                    ;
; CARRY_CHAIN            ; MANUAL      ; Untyped                    ;
; CARRY_CHAIN_LENGTH     ; 48          ; CARRY_CHAIN_LENGTH         ;
; DEVICE_FAMILY          ; FLEX10K     ; Untyped                    ;
; USE_WYS                ; OFF         ; Untyped                    ;
; STYLE                  ; FAST        ; Untyped                    ;
; CBXI_PARAMETER         ; add_sub_soh ; Untyped                    ;
; AUTO_CARRY_CHAINS      ; ON          ; AUTO_CARRY                 ;
; IGNORE_CARRY_BUFFERS   ; OFF         ; IGNORE_CARRY               ;
; AUTO_CASCADE_CHAINS    ; ON          ; AUTO_CASCADE               ;
; IGNORE_CASCADE_BUFFERS ; OFF         ; IGNORE_CASCADE             ;
+------------------------+-------------+----------------------------+
Note: In order to hide this table in the UI and the text report file, please set the "Show Parameter Settings Tables in Synthesis Report" option in "Analysis and Synthesis Settings -> More Settings" to "Off".


+--------------------------------------------------------------------------------+
; Parameter Settings for Inferred Entity Instance: debounce:deb|lpm_add_sub:Add0 ;
+------------------------+-------------+-----------------------------------------+
; Parameter Name         ; Value       ; Type                                    ;
+------------------------+-------------+-----------------------------------------+
; LPM_WIDTH              ; 20          ; Untyped                                 ;
; LPM_REPRESENTATION     ; UNSIGNED    ; Untyped                                 ;
; LPM_DIRECTION          ; ADD         ; Untyped                                 ;
; ONE_INPUT_IS_CONSTANT  ; YES         ; Untyped                                 ;
; LPM_PIPELINE           ; 0           ; Untyped                                 ;
; MAXIMIZE_SPEED         ; 5           ; Untyped                                 ;
; REGISTERED_AT_END      ; 0           ; Untyped                                 ;
; OPTIMIZE_FOR_SPEED     ; 1           ; Untyped                                 ;
; USE_CS_BUFFERS         ; 1           ; Untyped                                 ;
; CARRY_CHAIN            ; MANUAL      ; Untyped                                 ;
; CARRY_CHAIN_LENGTH     ; 48          ; CARRY_CHAIN_LENGTH                      ;
; DEVICE_FAMILY          ; FLEX10K     ; Untyped                                 ;
; USE_WYS                ; OFF         ; Untyped                                 ;
; STYLE                  ; FAST        ; Untyped                                 ;
; CBXI_PARAMETER         ; add_sub_poh ; Untyped                                 ;
; AUTO_CARRY_CHAINS      ; ON          ; AUTO_CARRY                              ;
; IGNORE_CARRY_BUFFERS   ; OFF         ; IGNORE_CARRY                            ;
; AUTO_CASCADE_CHAINS    ; ON          ; AUTO_CASCADE                            ;
; IGNORE_CASCADE_BUFFERS ; OFF         ; IGNORE_CASCADE                          ;
+------------------------+-------------+-----------------------------------------+
Note: In order to hide this table in the UI and the text report file, please set the "Show Parameter Settings Tables in Synthesis Report" option in "Analysis and Synthesis Settings -> More Settings" to "Off".


+--------------------------------------------------------+
; lpm_mult Parameter Settings by Entity Instance         ;
+---------------------------------------+----------------+
; Name                                  ; Value          ;
+---------------------------------------+----------------+
; Number of entity instances            ; 1              ;
; Entity Instance                       ; lpm_mult:Mult0 ;
;     -- LPM_WIDTHA                     ; 3              ;
;     -- LPM_WIDTHB                     ; 3              ;
;     -- LPM_WIDTHP                     ; 6              ;
;     -- LPM_REPRESENTATION             ; SIGNED         ;
;     -- INPUT_A_IS_CONSTANT            ; NO             ;
;     -- INPUT_B_IS_CONSTANT            ; NO             ;
;     -- USE_EAB                        ; OFF            ;
;     -- DEDICATED_MULTIPLIER_CIRCUITRY ; AUTO           ;
;     -- INPUT_A_FIXED_VALUE            ; Bx             ;
;     -- INPUT_B_FIXED_VALUE            ; Bx             ;
+---------------------------------------+----------------+


+-------------------------------+
; Analysis & Synthesis Messages ;
+-------------------------------+
Info: *******************************************************************
Info: Running Quartus II Analysis & Synthesis
    Info: Version 9.0 Build 235 06/17/2009 Service Pack 2 SJ Web Edition
    Info: Processing started: Fri Jan 18 17:21:23 2019
Info: Command: quartus_map --read_settings_files=on --write_settings_files=off dice_simulator -c dice_simulator
Info: Found 2 design units, including 1 entities, in source file dice_simulator.vhd
    Info: Found design unit 1: dice_simulator-Behavioral
    Info: Found entity 1: dice_simulator
Info: Found 1 design units, including 1 entities, in source file dice_simulator_ver.sv
    Info: Found entity 1: dice_simulator_ver
Info: Found 2 design units, including 1 entities, in source file ps2_keyboard.vhd
    Info: Found design unit 1: ps2_keyboard-logic
    Info: Found entity 1: ps2_keyboard
Info: Found 2 design units, including 1 entities, in source file debouncing.vhd
    Info: Found design unit 1: debounce-logic
    Info: Found entity 1: debounce
Info: Found 2 design units, including 1 entities, in source file dice_simulator_keyboard.vhd
    Info: Found design unit 1: dice_simulator_keyboard-Behavioral
    Info: Found entity 1: dice_simulator_keyboard
Info: Elaborating entity "dice_simulator" for the top level hierarchy
Warning (10492): VHDL Process Statement warning at dice_simulator.vhd(46): signal "debounced" is read inside the Process Statement but isn't in the Process Statement's sensitivity list
Info: Elaborating entity "debounce" for hierarchy "debounce:deb"
Info: Inferred 3 megafunctions from design logic
    Info: Inferred multiplier megafunction ("lpm_mult") from the following logic: "Mult0"
    Info: Inferred adder/subtractor megafunction ("lpm_add_sub") from the following logic: "Add0"
    Info: Inferred adder/subtractor megafunction ("lpm_add_sub") from the following logic: "debounce:deb|Add0"
Info: Elaborated megafunction instantiation "lpm_mult:Mult0"
Info: Instantiated megafunction "lpm_mult:Mult0" with the following parameter:
    Info: Parameter "LPM_WIDTHA" = "3"
    Info: Parameter "LPM_WIDTHB" = "3"
    Info: Parameter "LPM_WIDTHP" = "6"
    Info: Parameter "LPM_WIDTHR" = "6"
    Info: Parameter "LPM_WIDTHS" = "1"
    Info: Parameter "LPM_REPRESENTATION" = "SIGNED"
    Info: Parameter "INPUT_A_IS_CONSTANT" = "NO"
    Info: Parameter "INPUT_B_IS_CONSTANT" = "NO"
    Info: Parameter "MAXIMIZE_SPEED" = "5"
    Info: Parameter "DEDICATED_MULTIPLIER_CIRCUITRY" = "AUTO"
Info: Elaborated megafunction instantiation "lpm_mult:Mult0|multcore:mult_core", which is child of megafunction instantiation "lpm_mult:Mult0"
Info: Elaborated megafunction instantiation "lpm_mult:Mult0|multcore:mult_core|mul_lfrg:mul_lfrg_first_mod", which is child of megafunction instantiation "lpm_mult:Mult0"
Info: Elaborated megafunction instantiation "lpm_mult:Mult0|multcore:mult_core|mul_lfrg:mul_lfrg_last_mod", which is child of megafunction instantiation "lpm_mult:Mult0"
Info: Elaborated megafunction instantiation "lpm_mult:Mult0|multcore:mult_core|mpar_add:padder", which is child of megafunction instantiation "lpm_mult:Mult0"
Info: Elaborated megafunction instantiation "lpm_mult:Mult0|multcore:mult_core|mpar_add:padder|lpm_add_sub:adder[0]", which is child of megafunction instantiation "lpm_mult:Mult0"
Info: Elaborated megafunction instantiation "lpm_mult:Mult0|multcore:mult_core|mpar_add:padder|lpm_add_sub:adder[0]|addcore:adder", which is child of megafunction instantiation "lpm_mult:Mult0"
Info: Elaborated megafunction instantiation "lpm_mult:Mult0|multcore:mult_core|mpar_add:padder|lpm_add_sub:adder[0]|addcore:adder|a_csnbuffer:oflow_node", which is child of megafunction instantiation "lpm_mult:Mult0"
Info: Elaborated megafunction instantiation "lpm_mult:Mult0|multcore:mult_core|mpar_add:padder|lpm_add_sub:adder[0]|addcore:adder|a_csnbuffer:result_node", which is child of megafunction instantiation "lpm_mult:Mult0"
Info: Elaborated megafunction instantiation "lpm_mult:Mult0|multcore:mult_core|mpar_add:padder|lpm_add_sub:adder[0]|altshift:result_ext_latency_ffs", which is child of megafunction instantiation "lpm_mult:Mult0"
Info: Elaborated megafunction instantiation "lpm_mult:Mult0|multcore:mult_core|mpar_add:padder|lpm_add_sub:adder[0]|altshift:carry_ext_latency_ffs", which is child of megafunction instantiation "lpm_mult:Mult0"
Warning: Variable or input pin "clock" is defined but never used
Warning: Variable or input pin "aclr" is defined but never used
Warning: Variable or input pin "clken" is defined but never used
Info: Elaborated megafunction instantiation "lpm_mult:Mult0|multcore:mult_core|mpar_add:padder|lpm_add_sub:adder[0]|altshift:oflow_ext_latency_ffs", which is child of megafunction instantiation "lpm_mult:Mult0"
Info: Elaborated megafunction instantiation "lpm_mult:Mult0|multcore:mult_core|mul_lfrg:$00031", which is child of megafunction instantiation "lpm_mult:Mult0"
Info: Elaborated megafunction instantiation "lpm_mult:Mult0|multcore:mult_core|mul_lfrg:$00033", which is child of megafunction instantiation "lpm_mult:Mult0"
Info: Elaborated megafunction instantiation "lpm_mult:Mult0|multcore:mult_core|mul_lfrg:$00035", which is child of megafunction instantiation "lpm_mult:Mult0"
Info: Elaborated megafunction instantiation "lpm_mult:Mult0|multcore:mult_core|mul_lfrg:$00037", which is child of megafunction instantiation "lpm_mult:Mult0"
Info: Elaborated megafunction instantiation "lpm_mult:Mult0|altshift:external_latency_ffs", which is child of megafunction instantiation "lpm_mult:Mult0"
Info: Elaborated megafunction instantiation "lpm_add_sub:Add0"
Info: Instantiated megafunction "lpm_add_sub:Add0" with the following parameter:
    Info: Parameter "LPM_WIDTH" = "32"
    Info: Parameter "LPM_DIRECTION" = "ADD"
    Info: Parameter "LPM_REPRESENTATION" = "UNSIGNED"
    Info: Parameter "ONE_INPUT_IS_CONSTANT" = "YES"
Info: Elaborated megafunction instantiation "lpm_add_sub:Add0|addcore:adder", which is child of megafunction instantiation "lpm_add_sub:Add0"
Info: Elaborated megafunction instantiation "lpm_add_sub:Add0|addcore:adder|a_csnbuffer:oflow_node", which is child of megafunction instantiation "lpm_add_sub:Add0"
Info: Elaborated megafunction instantiation "lpm_add_sub:Add0|addcore:adder|a_csnbuffer:result_node", which is child of megafunction instantiation "lpm_add_sub:Add0"
Info: Elaborated megafunction instantiation "lpm_add_sub:Add0|altshift:result_ext_latency_ffs", which is child of megafunction instantiation "lpm_add_sub:Add0"
Info: Elaborated megafunction instantiation "debounce:deb|lpm_add_sub:Add0"
Info: Instantiated megafunction "debounce:deb|lpm_add_sub:Add0" with the following parameter:
    Info: Parameter "LPM_WIDTH" = "20"
    Info: Parameter "LPM_DIRECTION" = "ADD"
    Info: Parameter "LPM_REPRESENTATION" = "UNSIGNED"
    Info: Parameter "ONE_INPUT_IS_CONSTANT" = "YES"
Info: Elaborated megafunction instantiation "debounce:deb|lpm_add_sub:Add0|addcore:adder", which is child of megafunction instantiation "debounce:deb|lpm_add_sub:Add0"
Info: Elaborated megafunction instantiation "debounce:deb|lpm_add_sub:Add0|addcore:adder|a_csnbuffer:oflow_node", which is child of megafunction instantiation "debounce:deb|lpm_add_sub:Add0"
Info: Elaborated megafunction instantiation "debounce:deb|lpm_add_sub:Add0|addcore:adder|a_csnbuffer:result_node", which is child of megafunction instantiation "debounce:deb|lpm_add_sub:Add0"
Info: Elaborated megafunction instantiation "debounce:deb|lpm_add_sub:Add0|altshift:result_ext_latency_ffs", which is child of megafunction instantiation "debounce:deb|lpm_add_sub:Add0"
Info: 29 registers lost all their fanouts during netlist optimizations. The first 29 are displayed below.
    Info: Register "prev_val[31]" lost all its fanouts during netlist optimizations.
    Info: Register "prev_val[30]" lost all its fanouts during netlist optimizations.
    Info: Register "prev_val[29]" lost all its fanouts during netlist optimizations.
    Info: Register "prev_val[28]" lost all its fanouts during netlist optimizations.
    Info: Register "prev_val[27]" lost all its fanouts during netlist optimizations.
    Info: Register "prev_val[26]" lost all its fanouts during netlist optimizations.
    Info: Register "prev_val[25]" lost all its fanouts during netlist optimizations.
    Info: Register "prev_val[24]" lost all its fanouts during netlist optimizations.
    Info: Register "prev_val[23]" lost all its fanouts during netlist optimizations.
    Info: Register "prev_val[22]" lost all its fanouts during netlist optimizations.
    Info: Register "prev_val[21]" lost all its fanouts during netlist optimizations.
    Info: Register "prev_val[20]" lost all its fanouts during netlist optimizations.
    Info: Register "prev_val[19]" lost all its fanouts during netlist optimizations.
    Info: Register "prev_val[18]" lost all its fanouts during netlist optimizations.
    Info: Register "prev_val[17]" lost all its fanouts during netlist optimizations.
    Info: Register "prev_val[16]" lost all its fanouts during netlist optimizations.
    Info: Register "prev_val[15]" lost all its fanouts during netlist optimizations.
    Info: Register "prev_val[14]" lost all its fanouts during netlist optimizations.
    Info: Register "prev_val[13]" lost all its fanouts during netlist optimizations.
    Info: Register "prev_val[12]" lost all its fanouts during netlist optimizations.
    Info: Register "prev_val[11]" lost all its fanouts during netlist optimizations.
    Info: Register "prev_val[10]" lost all its fanouts during netlist optimizations.
    Info: Register "prev_val[9]" lost all its fanouts during netlist optimizations.
    Info: Register "prev_val[8]" lost all its fanouts during netlist optimizations.
    Info: Register "prev_val[7]" lost all its fanouts during netlist optimizations.
    Info: Register "prev_val[6]" lost all its fanouts during netlist optimizations.
    Info: Register "prev_val[5]" lost all its fanouts during netlist optimizations.
    Info: Register "prev_val[4]" lost all its fanouts during netlist optimizations.
    Info: Register "prev_val[3]" lost all its fanouts during netlist optimizations.
Info: Implemented 76 device resources after synthesis - the final resource count might be different
    Info: Implemented 2 input pins
    Info: Implemented 7 output pins
    Info: Implemented 67 logic cells
Info: Generated suppressed messages file C:/Users/Student/Downloads/dice_simulator-master/dice_simulator.map.smsg
Info: Quartus II Analysis & Synthesis was successful. 0 errors, 4 warnings
    Info: Peak virtual memory: 269 megabytes
    Info: Processing ended: Fri Jan 18 17:21:24 2019
    Info: Elapsed time: 00:00:01
    Info: Total CPU time (on all processors): 00:00:01


+------------------------------------------+
; Analysis & Synthesis Suppressed Messages ;
+------------------------------------------+
The suppressed messages can be found in C:/Users/Student/Downloads/dice_simulator-master/dice_simulator.map.smsg.


