Flow report for dice_simulator
Fri Jan 11 15:57:00 2019
Quartus II Version 9.0 Build 235 06/17/2009 Service Pack 2 SJ Web Edition


---------------------
; Table of Contents ;
---------------------
  1. Legal Notice
  2. Flow Summary
  3. Flow Settings
  4. Flow Non-Default Global Settings
  5. Flow Elapsed Time
  6. Flow OS Summary
  7. Flow Log



----------------
; Legal Notice ;
----------------
Copyright (C) 1991-2009 Altera Corporation
Your use of Altera Corporation's design tools, logic functions 
and other software and tools, and its AMPP partner logic 
functions, and any output files from any of the foregoing 
(including device programming or simulation files), and any 
associated documentation or information are expressly subject 
to the terms and conditions of the Altera Program License 
Subscription Agreement, Altera MegaCore Function License 
Agreement, or other applicable license agreement, including, 
without limitation, that your use is for the sole purpose of 
programming logic devices manufactured by Altera and sold by 
Altera or its authorized distributors.  Please refer to the 
applicable agreement for further details.



+------------------------------------------------------------------------+
; Flow Summary                                                           ;
+-------------------------+----------------------------------------------+
; Flow Status             ; Successful - Fri Jan 11 15:57:00 2019        ;
; Quartus II Version      ; 9.0 Build 235 06/17/2009 SP 2 SJ Web Edition ;
; Revision Name           ; dice_simulator                               ;
; Top-level Entity Name   ; dice_simulator_ver                           ;
; Family                  ; FLEX10K                                      ;
; Device                  ; EPF10K70RC240-4                              ;
; Timing Models           ; Final                                        ;
; Met timing requirements ; Yes                                          ;
; Total logic elements    ; 91 / 3,744 ( 2 % )                           ;
; Total pins              ; 9 / 189 ( 5 % )                              ;
; Total memory bits       ; 0 / 18,432 ( 0 % )                           ;
+-------------------------+----------------------------------------------+


+-----------------------------------------+
; Flow Settings                           ;
+-------------------+---------------------+
; Option            ; Setting             ;
+-------------------+---------------------+
; Start date & time ; 01/11/2019 15:56:49 ;
; Main task         ; Compilation         ;
; Revision Name     ; dice_simulator      ;
+-------------------+---------------------+


+----------------------------------------------------------------------------------------------------------------------+
; Flow Non-Default Global Settings                                                                                     ;
+------------------------------------+---------------------------------+----------------+-------------+----------------+
; Assignment Name                    ; Value                           ; Default Value  ; Entity Name ; Section Id     ;
+------------------------------------+---------------------------------+----------------+-------------+----------------+
; COMPILER_SIGNATURE_ID              ; 132098954132860.154721860910996 ; --             ; --          ; --             ;
; MAX_CORE_JUNCTION_TEMP             ; 85                              ; --             ; --          ; --             ;
; MIN_CORE_JUNCTION_TEMP             ; 0                               ; --             ; --          ; --             ;
; TOP_LEVEL_ENTITY                   ; dice_simulator_ver              ; dice_simulator ; --          ; --             ;
; USE_GENERATED_PHYSICAL_CONSTRAINTS ; Off                             ; --             ; --          ; eda_blast_fpga ;
+------------------------------------+---------------------------------+----------------+-------------+----------------+


+-----------------------------------------------------------------------------------------------------------------------------+
; Flow Elapsed Time                                                                                                           ;
+-------------------------+--------------+-------------------------+---------------------+------------------------------------+
; Module Name             ; Elapsed Time ; Average Processors Used ; Peak Virtual Memory ; Total CPU Time (on all processors) ;
+-------------------------+--------------+-------------------------+---------------------+------------------------------------+
; Analysis & Synthesis    ; 00:00:03     ; 1.0                     ; 255 MB              ; 00:00:03                           ;
; Fitter                  ; 00:00:02     ; 1.0                     ; 202 MB              ; 00:00:02                           ;
; Assembler               ; 00:00:01     ; 1.0                     ; 208 MB              ; 00:00:00                           ;
; Classic Timing Analyzer ; 00:00:00     ; 1.0                     ; 172 MB              ; 00:00:00                           ;
; Total                   ; 00:00:06     ; --                      ; --                  ; 00:00:05                           ;
+-------------------------+--------------+-------------------------+---------------------+------------------------------------+


+------------------------------------------------------------------------------------------+
; Flow OS Summary                                                                          ;
+-------------------------+------------------+---------------+------------+----------------+
; Module Name             ; Machine Hostname ; OS Name       ; OS Version ; Processor type ;
+-------------------------+------------------+---------------+------------+----------------+
; Analysis & Synthesis    ; DESKTOP-QSDLHJR  ; Windows Vista ; 6.2        ; x86_64         ;
; Fitter                  ; DESKTOP-QSDLHJR  ; Windows Vista ; 6.2        ; x86_64         ;
; Assembler               ; DESKTOP-QSDLHJR  ; Windows Vista ; 6.2        ; x86_64         ;
; Classic Timing Analyzer ; DESKTOP-QSDLHJR  ; Windows Vista ; 6.2        ; x86_64         ;
+-------------------------+------------------+---------------+------------+----------------+


------------
; Flow Log ;
------------
quartus_map --read_settings_files=on --write_settings_files=off dice_simulator -c dice_simulator
quartus_fit --read_settings_files=off --write_settings_files=off dice_simulator -c dice_simulator
quartus_asm --read_settings_files=off --write_settings_files=off dice_simulator -c dice_simulator
quartus_tan --read_settings_files=off --write_settings_files=off dice_simulator -c dice_simulator



